TN:
SF:/Users/anastasiazaharova/Desktop/nananananabatman.github.io/angular-task/src/app.js
FN:14,(anonymous_0)
FN:38,bootstrap
FNF:2
FNH:2
FNDA:13,(anonymous_0)
FNDA:4,bootstrap
DA:1,4
DA:2,4
DA:3,4
DA:4,4
DA:5,4
DA:6,4
DA:8,4
DA:9,4
DA:10,4
DA:12,4
DA:15,13
DA:38,4
DA:39,4
LF:13
LH:13
BRF:0
BRH:0
end_of_record
TN:
SF:/Users/anastasiazaharova/Desktop/nananananabatman.github.io/angular-task/src/controllers/add-article.controller.js
FN:1,AddArticleController
FN:4,onArticleChange
FNF:2
FNH:2
FNDA:2,AddArticleController
FNDA:1,onArticleChange
DA:2,2
DA:5,1
DA:11,1
DA:14,2
DA:15,2
DA:18,4
LF:6
LH:6
BRF:0
BRH:0
end_of_record
TN:
SF:/Users/anastasiazaharova/Desktop/nananananabatman.github.io/angular-task/src/controllers/all-articles.controller.js
FN:1,AllArticlesController
FN:4,addArticle
FN:8,onInit
FN:12,(anonymous_3)
FNF:4
FNH:3
FNDA:3,AllArticlesController
FNDA:1,addArticle
FNDA:3,onInit
FNDA:0,(anonymous_3)
DA:2,3
DA:5,1
DA:8,3
DA:9,3
DA:10,2
DA:12,1
DA:13,0
DA:18,3
DA:21,4
LF:9
LH:8
BRDA:9,0,0,2
BRDA:9,0,1,1
BRF:2
BRH:2
end_of_record
TN:
SF:/Users/anastasiazaharova/Desktop/nananananabatman.github.io/angular-task/src/app.service.js
FN:1,AppService
FN:4,addNewArticle
FN:8,getList
FN:12,getListPromise
FN:13,(anonymous_4)
FN:20,getArticleById
FN:21,(anonymous_6)
FN:24,isListExists
FN:28,updateArticle
FN:29,(anonymous_9)
FNF:10
FNH:9
FNDA:7,AppService
FNDA:4,addNewArticle
FNDA:2,getList
FNDA:1,getListPromise
FNDA:0,(anonymous_4)
FNDA:4,getArticleById
FNDA:4,(anonymous_6)
FNDA:2,isListExists
FNDA:1,updateArticle
FNDA:1,(anonymous_9)
DA:2,7
DA:5,4
DA:9,2
DA:13,1
DA:14,0
DA:16,0
DA:21,4
DA:25,2
DA:29,1
DA:31,1
DA:32,1
DA:35,7
DA:45,4
LF:13
LH:11
BRF:0
BRH:0
end_of_record
TN:
SF:/Users/anastasiazaharova/Desktop/nananananabatman.github.io/angular-task/src/controllers/edit-article.controller.js
FN:1,EditArticleController
FN:4,onArticleChange
FNF:2
FNH:2
FNDA:2,EditArticleController
FNDA:1,onArticleChange
DA:2,2
DA:5,1
DA:6,1
DA:9,2
DA:10,2
DA:11,2
DA:12,2
DA:13,2
DA:16,4
LF:9
LH:9
BRF:0
BRH:0
end_of_record
TN:
SF:/Users/anastasiazaharova/Desktop/nananananabatman.github.io/angular-task/src/directives/min-length.directive.js
FN:1,MinLengthDirective
FN:4,(anonymous_1)
FN:5,lengthValidation
FNF:3
FNH:0
FNDA:0,MinLengthDirective
FNDA:0,(anonymous_1)
FNDA:0,lengthValidation
DA:2,0
DA:6,0
DA:7,0
DA:9,0
DA:12,0
DA:15,0
DA:20,4
LF:7
LH:1
BRDA:6,0,0,0
BRDA:6,0,1,0
BRF:2
BRH:0
end_of_record
TN:
SF:/Users/anastasiazaharova/Desktop/nananananabatman.github.io/angular-task/src/components/articles-list/articles-list.module.js
FNF:0
FNH:0
DA:1,5
DA:2,5
DA:4,5
DA:6,5
LF:4
LH:4
BRF:0
BRH:0
end_of_record
TN:
SF:/Users/anastasiazaharova/Desktop/nananananabatman.github.io/angular-task/src/components/articles-list/articles-list.component.js
FN:1,ArticlesListController
FN:4,onArticleClick
FN:8,onPageUpdate
FNF:3
FNH:3
FNDA:2,ArticlesListController
FNDA:1,onArticleClick
FNDA:1,onPageUpdate
DA:2,2
DA:5,1
DA:9,1
DA:12,2
DA:13,2
DA:16,5
LF:6
LH:6
BRF:0
BRH:0
end_of_record
TN:
SF:/Users/anastasiazaharova/Desktop/nananananabatman.github.io/angular-task/src/components/paginator/paginator.module.js
FNF:0
FNH:0
DA:1,6
DA:2,6
DA:4,6
LF:3
LH:3
BRF:0
BRH:0
end_of_record
TN:
SF:/Users/anastasiazaharova/Desktop/nananananabatman.github.io/angular-task/src/components/paginator/paginator.component.js
FN:3,PaginatorController
FN:6,onInit
FN:9,(anonymous_2)
FN:21,setPage
FNF:4
FNH:4
FNDA:2,PaginatorController
FNDA:2,onInit
FNDA:2,(anonymous_2)
FNDA:4,setPage
DA:1,6
DA:4,2
DA:7,2
DA:9,2
DA:10,2
DA:11,4
DA:17,2
DA:22,4
DA:25,2
DA:26,2
DA:29,6
LF:11
LH:11
BRF:0
BRH:0
end_of_record
